[debug] [2023-09-02T15:32:32.742Z] ----------------------------------------------------------------------
[debug] [2023-09-02T15:32:32.743Z] Command:       C:\Program Files\nodejs\node.exe C:\Users\samib\AppData\Roaming\npm\node_modules\firebase-tools\lib\bin\firebase.js init
[debug] [2023-09-02T15:32:32.744Z] CLI Version:   12.5.2
[debug] [2023-09-02T15:32:32.744Z] Platform:      win32
[debug] [2023-09-02T15:32:32.744Z] Node Version:  v18.16.0
[debug] [2023-09-02T15:32:32.745Z] Time:          Sat Sep 02 2023 21:02:32 GMT+0530 (India Standard Time)
[debug] [2023-09-02T15:32:32.745Z] ----------------------------------------------------------------------
[debug] 
[debug] [2023-09-02T15:32:32.751Z] > command requires scopes: ["email","openid","https://www.googleapis.com/auth/cloudplatformprojects.readonly","https://www.googleapis.com/auth/firebase","https://www.googleapis.com/auth/cloud-platform"]
[debug] [2023-09-02T15:32:32.752Z] > authorizing via signed-in user (sameersingh120102@gmail.com)
[info] 
     ######## #### ########  ######## ########     ###     ######  ########
     ##        ##  ##     ## ##       ##     ##  ##   ##  ##       ##
     ######    ##  ########  ######   ########  #########  ######  ######
     ##        ##  ##    ##  ##       ##     ## ##     ##       ## ##
     ##       #### ##     ## ######## ########  ##     ##  ######  ########

You're about to initialize a Firebase project in this directory:

  D:\study\portfolio

[info] 
=== Project Setup
[info] 
[info] First, let's associate this project directory with a Firebase project.
[info] You can create multiple project aliases by running firebase use --add, 
[info] but for now we'll just set up a default project.
[info] 
[debug] [2023-09-02T15:32:54.724Z] >>> [apiv2][query] GET https://firebase.googleapis.com/v1beta1/projects pageSize=100
[debug] [2023-09-02T15:32:55.852Z] <<< [apiv2][status] GET https://firebase.googleapis.com/v1beta1/projects 200
[debug] [2023-09-02T15:32:55.852Z] <<< [apiv2][body] GET https://firebase.googleapis.com/v1beta1/projects [omitted]
[info] i  Using project porfolio-web-ac557 (porfolio-web) 
[info] 
=== Hosting Setup
[info] 
[info] Your public directory is the folder (relative to your project directory) that
[info] will contain Hosting assets to be uploaded with firebase deploy. If you
[info] have a build process for your assets, use your build's output directory.
[info] 
[debug] [2023-09-02T15:36:00.794Z] >>> [apiv2][query] GET https://www.gstatic.com/firebasejs/releases.json [none]
[debug] [2023-09-02T15:36:00.971Z] <<< [apiv2][status] GET https://www.gstatic.com/firebasejs/releases.json 200
[debug] [2023-09-02T15:36:00.971Z] <<< [apiv2][body] GET https://www.gstatic.com/firebasejs/releases.json {"current":{"version":"10.3.1","browserURL":"https://www.gstatic.com/firebasejs/10.3.1/firebase.js","packageURL":"https://www.gstatic.com/firebasejs/10.3.1/firebase.tgz"},"live":{"version":"10.3","browserURL":"https://www.gstatic.com/firebasejs/live/10.3/firebase.js","packageURL":"https://www.gstatic.com/firebasejs/live/10.3/firebase.tgz"},"components":{"analytics":"https://www.gstatic.com/firebasejs/10.3.1/firebase-analytics.js","app":"https://www.gstatic.com/firebasejs/10.3.1/firebase-app.js","app-check":"https://www.gstatic.com/firebasejs/10.3.1/firebase-app-check.js","auth":"https://www.gstatic.com/firebasejs/10.3.1/firebase-auth.js","auth/cordova":"https://www.gstatic.com/firebasejs/10.3.1/firebase-auth/cordova.js","functions":"https://www.gstatic.com/firebasejs/10.3.1/firebase-functions.js","firestore":"https://www.gstatic.com/firebasejs/10.3.1/firebase-firestore.js","firestore/lite":"https://www.gstatic.com/firebasejs/10.3.1/firebase-firestore/lite.js","installations":"https://www.gstatic.com/firebasejs/10.3.1/firebase-installations.js","storage":"https://www.gstatic.com/firebasejs/10.3.1/firebase-storage.js","performance":"https://www.gstatic.com/firebasejs/10.3.1/firebase-performance.js","remote-config":"https://www.gstatic.com/firebasejs/10.3.1/firebase-remote-config.js","messaging":"https://www.gstatic.com/firebasejs/10.3.1/firebase-messaging.js","messaging/sw":"https://www.gstatic.com/firebasejs/10.3.1/firebase-messaging/sw.js","database":"https://www.gstatic.com/firebasejs/10.3.1/firebase-database.js","firestore.memory":"https://www.gstatic.com/firebasejs/10.3.1/firebase-firestore.memory.js"}}
[info] +  Wrote build/index.html 
[info] 
[info] i  Detected a .git folder at D:\study\portfolio 
[info] i  Authorizing with GitHub to upload your service account to a GitHub repository's secrets store. 
[info] 
[info] Visit this URL on this device to log in:
[info] https://github.com/login/oauth/authorize?client_id=89cf50f02ac6aaed3484&state=142871109&redirect_uri=http%3A%2F%2Flocalhost%3A9005&scope=read%3Auser%20repo%20public_repo
[info] 
[info] Waiting for authentication...
[debug] [2023-09-02T15:36:17.884Z] >>> [apiv2][query] POST https://github.com/login/oauth/access_token [none]
[debug] [2023-09-02T15:36:17.884Z] >>> [apiv2][body] POST https://github.com/login/oauth/access_token [stream]
[debug] [2023-09-02T15:36:18.396Z] <<< [apiv2][status] POST https://github.com/login/oauth/access_token 200
[debug] [2023-09-02T15:36:18.396Z] <<< [apiv2][body] POST https://github.com/login/oauth/access_token {"access_token":"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","token_type":"bearer","scope":"read:user,repo"}
[debug] [2023-09-02T15:36:18.401Z] >>> [apiv2][query] GET https://api.github.com/user [none]
[debug] [2023-09-02T15:36:18.870Z] <<< [apiv2][status] GET https://api.github.com/user 200
[debug] [2023-09-02T15:36:18.870Z] <<< [apiv2][body] GET https://api.github.com/user {"login":"Sameers12s","id":128384897,"node_id":"U_kgDOB6b_gQ","avatar_url":"https://avatars.githubusercontent.com/u/128384897?v=4","gravatar_id":"","url":"https://api.github.com/users/Sameers12s","html_url":"https://github.com/Sameers12s","followers_url":"https://api.github.com/users/Sameers12s/followers","following_url":"https://api.github.com/users/Sameers12s/following{/other_user}","gists_url":"https://api.github.com/users/Sameers12s/gists{/gist_id}","starred_url":"https://api.github.com/users/Sameers12s/starred{/owner}{/repo}","subscriptions_url":"https://api.github.com/users/Sameers12s/subscriptions","organizations_url":"https://api.github.com/users/Sameers12s/orgs","repos_url":"https://api.github.com/users/Sameers12s/repos","events_url":"https://api.github.com/users/Sameers12s/events{/privacy}","received_events_url":"https://api.github.com/users/Sameers12s/received_events","type":"User","site_admin":false,"name":null,"company":null,"blog":"","location":null,"email":null,"hireable":null,"bio":null,"twitter_username":null,"public_repos":3,"public_gists":0,"followers":0,"following":0,"created_at":"2023-03-20T12:47:47Z","updated_at":"2023-07-29T17:49:26Z","private_gists":0,"total_private_repos":2,"owned_private_repos":2,"disk_usage":590,"collaborators":0,"two_factor_authentication":false,"plan":{"name":"free","space":976562499,"collaborators":0,"private_repos":10000}}
[info] 
[info] +  Success! Logged into GitHub as Sameers12s 
[info] 
[debug] [2023-09-02T15:36:47.280Z] >>> [apiv2][query] GET https://api.github.com/repos/portfolio-web/actions/secrets/public-key type=owner
[debug] [2023-09-02T15:36:47.727Z] <<< [apiv2][status] GET https://api.github.com/repos/portfolio-web/actions/secrets/public-key 404
[debug] [2023-09-02T15:36:47.727Z] <<< [apiv2][body] GET https://api.github.com/repos/portfolio-web/actions/secrets/public-key {"message":"Not Found","documentation_url":"https://docs.github.com/rest"}
[info] 
[info] 
[error] !  The provided authorization cannot be used with this repository. If this repository is in an organization, did you remember to grant access? 
[info] 
[info] i  Action required: Visit this URL to ensure access has been granted to the appropriate organization(s) for the Firebase CLI GitHub OAuth App: 
[info] https://github.com/settings/connections/applications/89cf50f02ac6aaed3484
[info] 
[debug] [2023-09-02T15:37:17.409Z] >>> [apiv2][query] GET https://api.github.com/repos/portfolio-web/actions/secrets/public-key type=owner
[debug] [2023-09-02T15:37:17.886Z] <<< [apiv2][status] GET https://api.github.com/repos/portfolio-web/actions/secrets/public-key 404
[debug] [2023-09-02T15:37:17.887Z] <<< [apiv2][body] GET https://api.github.com/repos/portfolio-web/actions/secrets/public-key {"message":"Not Found","documentation_url":"https://docs.github.com/rest"}
[info] 
[info] 
[error] !  The provided authorization cannot be used with this repository. If this repository is in an organization, did you remember to grant access? 
[info] 
[info] i  Action required: Visit this URL to ensure access has been granted to the appropriate organization(s) for the Firebase CLI GitHub OAuth App: 
[info] https://github.com/settings/connections/applications/89cf50f02ac6aaed3484
[info] 
